{"logTime": "0318/023201", "correlationVector":"jHR7Jkxygl7X4/Dl7UCj/h.1","action":"SyncServerConnectionManagerRequest", "result":"SYNC_SERVER_OK", "context":{"environment":"Prod_southeastasia_prod-s01-064-apac-southeastasia", "migrationStage":"NotStarted", "server":"akswtt11100001t"}}
{"logTime": "0318/023201", "correlationVector":"jHR7Jkxygl7X4/Dl7UCj/h.2","action":"ProcessGetUpdates", "result":"Done", "context":{"dataType":"Encryption Keys", "deleted":"0", "process_failed_to_decrypt":"0", "process_pending_decryption":"0", "process_success":"1", "total":"1"}}
{"logTime": "0318/023202", "correlationVector":"bRKyMFwRCWaCMJUkpcEVA6","action":"SyncServerConnectionManagerRequest", "result":"SYNC_SERVER_OK", "context":{"environment":"", "migrationStage":"", "server":""}}
{"logTime": "0318/023202", "correlationVector":"bRKyMFwRCWaCMJUkpcEVA6.0","action":"EncryptionKeysFetcher.DownloadKeys:", "result":"Success", "context":Key count: 4, Last key timestamp: 2026-02-05T09:22:49Z}
{"logTime": "0318/023202", "correlationVector":"bRKyMFwRCWaCMJUkpcEVA6.1","action":"EncryptionKeysManager::SetEncryptionKeys:", "result":"Success", "context":Key names[4]:[YcrOaFd+2qHG8Iq8BEMSY6wOLdjiAto6mBNam+ySmnml29jCdgohXrngRnPvpM3SIsKVm1yfcWJJOwWaze7qnw==][7bOHeXfQsxrj4Yoi8r8peHzYogQZA0M7HuyyXHPkRMlt6feWptKOneWs5KRupW0xnUdNJzYC4bOMf1/YZbY7Ng==][DU1stLRaV+PXMj3H9CuWTf7/xkq3JZrXINww5gjbvrFSV421nu9h7zoRg9719oJere5Mx6OtA6An+/bnu3iphw==][Bdr3/0fVLWixB9u5n4JG61OVUJyLizPdnhAhVSEqXpZsOC7NfuQKny0c5Nz/lPFjXYKSiQh7sGeUS3NbIAXHig==]}
{"logTime": "0318/023202", "correlationVector":"bRKyMFwRCWaCMJUkpcEVA6.2","action":"EncryptionKeysManager::SetEncryptionKeysWithTimestamps:", "result":"Success", "context":Key timestamps[4]:[2024-09-08T10:50:32Z][2025-01-27T10:31:46Z][2025-07-27T06:09:41Z][2026-02-05T09:22:49Z]}
{"logTime": "0318/023202", "correlationVector":"jHR7Jkxygl7X4/Dl7UCj/h","action":"Initial GetUpdates", "result":"", "context":Reason: NEW_CLIENT. cV=jHR7Jkxygl7X4/Dl7UCj/h}
{"logTime": "0318/023202", "correlationVector":"jHR7Jkxygl7X4/Dl7UCj/h.3","action":"GetUpdates Response", "result":"Success", "context":Received 1 update(s). cV=jHR7Jkxygl7X4/Dl7UCj/h.0;server=akswtt11100001t;cloudType=Consumer;environment=Prod_southeastasia_prod-s01-064-apac-southeastasia;migrationStage=NotStarted}
{"logTime": "0318/023202", "correlationVector":"J/D8WpgC0mt8j3FjQGnx3W","action":"Initial GetUpdates", "result":"", "context":Reason: NEWLY_SUPPORTED_DATATYPE. cV=J/D8WpgC0mt8j3FjQGnx3W}
{"logTime": "0318/023203", "correlationVector":"J/D8WpgC0mt8j3FjQGnx3W.1","action":"SyncServerConnectionManagerRequest", "result":"SYNC_SERVER_OK", "context":{"environment":"Prod_southeastasia_prod-s01-064-apac-southeastasia", "migrationStage":"NotStarted", "server":"akswtt11100001m"}}
{"logTime": "0318/023203", "correlationVector":"J/D8WpgC0mt8j3FjQGnx3W.2","action":"ProcessGetUpdates", "result":"Done", "context":{"dataType":"Preferences", "deleted":"0", "process_failed_to_decrypt":"0", "process_pending_decryption":"0", "process_success":"60", "total":"60"}}
{"logTime": "0318/023203", "correlationVector":"J/D8WpgC0mt8j3FjQGnx3W.3","action":"ProcessGetUpdates", "result":"Done", "context":{"dataType":"Passwords", "deleted":"0", "process_failed_to_decrypt":"0", "process_pending_decryption":"0", "process_success":"12", "total":"12"}}
{"logTime": "0318/023203", "correlationVector":"J/D8WpgC0mt8j3FjQGnx3W.4","action":"ProcessGetUpdates", "result":"Done", "context":{"dataType":"Device Info", "deleted":"0", "process_failed_to_decrypt":"0", "process_pending_decryption":"0", "process_success":"2", "total":"2"}}
{"logTime": "0318/023203", "correlationVector":"J/D8WpgC0mt8j3FjQGnx3W.5","action":"GetUpdates Response", "result":"Success", "context":Received 74 update(s). cV=J/D8WpgC0mt8j3FjQGnx3W.0;server=akswtt11100001m;cloudType=Consumer;environment=Prod_southeastasia_prod-s01-064-apac-southeastasia;migrationStage=NotStarted}
{"logTime": "0318/023203", "correlationVector":"oRh3CeBP7lDuXvtXP2EJRe","action":"Initial GetUpdates", "result":"", "context":Reason: NEWLY_SUPPORTED_DATATYPE. cV=oRh3CeBP7lDuXvtXP2EJRe}
{"logTime": "0318/023204", "correlationVector":"oRh3CeBP7lDuXvtXP2EJRe.1","action":"SyncServerConnectionManagerRequest", "result":"SYNC_SERVER_OK", "context":{"environment":"Prod_southeastasia_prod-s01-064-apac-southeastasia", "migrationStage":"NotStarted", "server":"akswtt111000003"}}
{"logTime": "0318/023204", "correlationVector":"oRh3CeBP7lDuXvtXP2EJRe.2","action":"ProcessGetUpdates", "result":"Done", "context":{"dataType":"Bookmarks", "deleted":"0", "process_failed_to_decrypt":"0", "process_pending_decryption":"0", "process_success":"6", "total":"6"}}
{"logTime": "0318/023204", "correlationVector":"oRh3CeBP7lDuXvtXP2EJRe.3","action":"GetUpdates Response", "result":"Success", "context":Received 6 update(s). cV=oRh3CeBP7lDuXvtXP2EJRe.0;server=akswtt111000003;cloudType=Consumer;environment=Prod_southeastasia_prod-s01-064-apac-southeastasia;migrationStage=NotStarted}
{"logTime": "0318/023204", "correlationVector":"G9220b19cS4B0Bc+263UPt","action":"Initial GetUpdates", "result":"", "context":Reason: NEWLY_SUPPORTED_DATATYPE. cV=G9220b19cS4B0Bc+263UPt}
{"logTime": "0318/023205", "correlationVector":"G9220b19cS4B0Bc+263UPt.1","action":"SyncServerConnectionManagerRequest", "result":"SYNC_SERVER_OK", "context":{"environment":"Prod_southeastasia_prod-s01-064-apac-southeastasia", "migrationStage":"NotStarted", "server":"akswtt111000028"}}
{"logTime": "0318/023205", "correlationVector":"G9220b19cS4B0Bc+263UPt.2","action":"ProcessGetUpdates", "result":"Done", "context":{"dataType":"Autofill Profiles", "deleted":"0", "process_failed_to_decrypt":"0", "process_pending_decryption":"0", "process_success":"1", "total":"1"}}
{"logTime": "0318/023205", "correlationVector":"G9220b19cS4B0Bc+263UPt.3","action":"ProcessGetUpdates", "result":"Done", "context":{"dataType":"Autofill", "deleted":"0", "process_failed_to_decrypt":"0", "process_pending_decryption":"0", "process_success":"216", "total":"216"}}
{"logTime": "0318/023205", "correlationVector":"G9220b19cS4B0Bc+263UPt.4","action":"ProcessGetUpdates", "result":"Done", "context":{"dataType":"Sessions", "deleted":"29", "process_failed_to_decrypt":"0", "process_pending_decryption":"0", "process_success":"29", "total":"29"}}
{"logTime": "0318/023205", "correlationVector":"G9220b19cS4B0Bc+263UPt.5","action":"ProcessGetUpdates", "result":"Done", "context":{"dataType":"Edge Hub App Usage", "deleted":"3", "process_failed_to_decrypt":"0", "process_pending_decryption":"0", "process_success":"4", "total":"4"}}
{"logTime": "0318/023205", "correlationVector":"G9220b19cS4B0Bc+263UPt.6","action":"GetUpdates Response", "result":"Success", "context":Received 250 update(s). cV=G9220b19cS4B0Bc+263UPt.0;server=akswtt111000028;cloudType=Consumer;environment=Prod_southeastasia_prod-s01-064-apac-southeastasia;migrationStage=NotStarted Some updates remain.}
{"logTime": "0318/023205", "correlationVector":"pC8UyNbJ5ElivR5i6xnMbT","action":"Initial GetUpdates", "result":"", "context":Reason: NEWLY_SUPPORTED_DATATYPE. cV=pC8UyNbJ5ElivR5i6xnMbT}
{"logTime": "0318/023205", "correlationVector":"pC8UyNbJ5ElivR5i6xnMbT.1","action":"SyncServerConnectionManagerRequest", "result":"SYNC_SERVER_OK", "context":{"environment":"Prod_southeastasia_prod-s01-064-apac-southeastasia", "migrationStage":"NotStarted", "server":"akswtt111000029"}}
{"logTime": "0318/023205", "correlationVector":"pC8UyNbJ5ElivR5i6xnMbT.2","action":"ProcessGetUpdates", "result":"Done", "context":{"dataType":"Autofill Profiles", "deleted":"0", "process_failed_to_decrypt":"0", "process_pending_decryption":"0", "process_success":"1", "total":"1"}}
{"logTime": "0318/023205", "correlationVector":"pC8UyNbJ5ElivR5i6xnMbT.3","action":"ProcessGetUpdates", "result":"Done", "context":{"dataType":"Autofill", "deleted":"0", "process_failed_to_decrypt":"0", "process_pending_decryption":"0", "process_success":"12", "total":"12"}}
{"logTime": "0318/023205", "correlationVector":"pC8UyNbJ5ElivR5i6xnMbT.4","action":"ProcessGetUpdates", "result":"Done", "context":{"dataType":"Sessions", "deleted":"21", "process_failed_to_decrypt":"0", "process_pending_decryption":"0", "process_success":"24", "total":"24"}}
{"logTime": "0318/023205", "correlationVector":"pC8UyNbJ5ElivR5i6xnMbT.5","action":"GetUpdates Response", "result":"Success", "context":Received 37 update(s). cV=pC8UyNbJ5ElivR5i6xnMbT.0;server=akswtt111000029;cloudType=Consumer;environment=Prod_southeastasia_prod-s01-064-apac-southeastasia;migrationStage=NotStarted}
{"logTime": "0318/023205", "correlationVector":"7UuhoK5mSzQPcw/8M3tO7W","action":"Initial GetUpdates", "result":"", "context":Reason: NEWLY_SUPPORTED_DATATYPE. cV=7UuhoK5mSzQPcw/8M3tO7W}
{"logTime": "0318/023207", "correlationVector":"7UuhoK5mSzQPcw/8M3tO7W.1","action":"SyncServerConnectionManagerRequest", "result":"SYNC_SERVER_OK", "context":{"environment":"Prod_southeastasia_prod-s01-064-apac-southeastasia", "migrationStage":"NotStarted", "server":"akswtt11100001l"}}
{"logTime": "0318/023207", "correlationVector":"7UuhoK5mSzQPcw/8M3tO7W.2","action":"ProcessGetUpdates", "result":"Done", "context":{"dataType":"History", "deleted":"0", "process_failed_to_decrypt":"0", "process_pending_decryption":"0", "process_success":"250", "total":"250"}}
{"logTime": "0318/023207", "correlationVector":"7UuhoK5mSzQPcw/8M3tO7W.3","action":"GetUpdates Response", "result":"Success", "context":Received 250 update(s). cV=7UuhoK5mSzQPcw/8M3tO7W.0;server=akswtt11100001l;cloudType=Consumer;environment=Prod_southeastasia_prod-s01-064-apac-southeastasia;migrationStage=NotStarted Some updates remain.}
{"logTime": "0318/023207", "correlationVector":"a4+/T9J3eEKR9oE6Oh9Tbn","action":"Initial GetUpdates", "result":"", "context":Reason: NEWLY_SUPPORTED_DATATYPE. cV=a4+/T9J3eEKR9oE6Oh9Tbn}
{"logTime": "0318/023208", "correlationVector":"a4+/T9J3eEKR9oE6Oh9Tbn.1","action":"SyncServerConnectionManagerRequest", "result":"SYNC_SERVER_OK", "context":{"environment":"Prod_southeastasia_prod-s01-064-apac-southeastasia", "migrationStage":"NotStarted", "server":"akswtt11100001s"}}
{"logTime": "0318/023208", "correlationVector":"a4+/T9J3eEKR9oE6Oh9Tbn.2","action":"ProcessGetUpdates", "result":"Done", "context":{"dataType":"History", "deleted":"0", "process_failed_to_decrypt":"0", "process_pending_decryption":"0", "process_success":"250", "total":"250"}}
{"logTime": "0318/023208", "correlationVector":"a4+/T9J3eEKR9oE6Oh9Tbn.3","action":"GetUpdates Response", "result":"Success", "context":Received 250 update(s). cV=a4+/T9J3eEKR9oE6Oh9Tbn.0;server=akswtt11100001s;cloudType=Consumer;environment=Prod_southeastasia_prod-s01-064-apac-southeastasia;migrationStage=NotStarted Some updates remain.}
{"logTime": "0318/023208", "correlationVector":"tVrwq65BxqO+msc418snmj","action":"Initial GetUpdates", "result":"", "context":Reason: NEWLY_SUPPORTED_DATATYPE. cV=tVrwq65BxqO+msc418snmj}
{"logTime": "0318/023209", "correlationVector":"tVrwq65BxqO+msc418snmj.1","action":"SyncServerConnectionManagerRequest", "result":"SYNC_SERVER_OK", "context":{"environment":"Prod_southeastasia_prod-s01-064-apac-southeastasia", "migrationStage":"NotStarted", "server":"akswtt11100001u"}}
{"logTime": "0318/023209", "correlationVector":"tVrwq65BxqO+msc418snmj.2","action":"ProcessGetUpdates", "result":"Done", "context":{"dataType":"History", "deleted":"0", "process_failed_to_decrypt":"0", "process_pending_decryption":"0", "process_success":"80", "total":"80"}}
{"logTime": "0318/023209", "correlationVector":"tVrwq65BxqO+msc418snmj.3","action":"GetUpdates Response", "result":"Success", "context":Received 80 update(s). cV=tVrwq65BxqO+msc418snmj.0;server=akswtt11100001u;cloudType=Consumer;environment=Prod_southeastasia_prod-s01-064-apac-southeastasia;migrationStage=NotStarted}
{"logTime": "0318/023209", "correlationVector":"C/wnzDYFpwNEvgVUxT9k34","action":"Normal GetUpdate request", "result":"", "context":cV=C/wnzDYFpwNEvgVUxT9k34
Nudged types: Passwords, Sessions, Device Info, User Consents
Refresh requested types: Bookmarks, Preferences, Passwords, Autofill Profiles, Autofill, Extensions, Sessions, Extension settings, History Delete Directives, Device Info, User Consents, Send Tab To Self, Web Apps, History, Saved Tab Group, WebAuthn Credentials, Collection, Edge E Drop, Edge Hub App Usage, Edge Wallet, Edge Workspace, Encryption Keys}
{"logTime": "0318/023209", "correlationVector":"C/wnzDYFpwNEvgVUxT9k34.1","action":"SyncServerConnectionManagerRequest", "result":"SYNC_SERVER_OK", "context":{"environment":"Prod_southeastasia_prod-s01-064-apac-southeastasia", "migrationStage":"NotStarted", "server":"akswtt11100001k"}}
{"logTime": "0318/023209", "correlationVector":"C/wnzDYFpwNEvgVUxT9k34.2","action":"GetUpdates Response", "result":"Success", "context":Received 0 update(s). cV=C/wnzDYFpwNEvgVUxT9k34.0;server=akswtt11100001k;cloudType=Consumer;environment=Prod_southeastasia_prod-s01-064-apac-southeastasia;migrationStage=NotStarted}
{"logTime": "0318/023209", "correlationVector":"TLJNaX4jum1hOTlvB8529O","action":"Commit Request", "result":"", "context":Item count: 6
Contributing types: Passwords, Sessions, Device Info, User Consents}
{"logTime": "0318/023210", "correlationVector":"TLJNaX4jum1hOTlvB8529O.1","action":"SyncServerConnectionManagerRequest", "result":"SYNC_SERVER_OK", "context":{"environment":"Prod_southeastasia_prod-s01-064-apac-southeastasia", "migrationStage":"NotStarted", "server":"akswtt11100001u"}}
{"logTime": "0318/023210", "correlationVector":"TLJNaX4jum1hOTlvB8529O.2","action":"Commit Response", "result":"Success", "context":Result: Success. cV=TLJNaX4jum1hOTlvB8529O.0;server=akswtt11100001u;cloudType=Consumer;environment=Prod_southeastasia_prod-s01-064-apac-southeastasia;migrationStage=NotStarted}
{"logTime": "0318/023213", "correlationVector":"z/mszKdH4MKH+h9bwtcSAR","action":"Normal GetUpdate request", "result":"", "context":cV=z/mszKdH4MKH+h9bwtcSAR
Notified types: History}
{"logTime": "0318/023214", "correlationVector":"z/mszKdH4MKH+h9bwtcSAR.1","action":"SyncServerConnectionManagerRequest", "result":"SYNC_SERVER_OK", "context":{"environment":"Prod_southeastasia_prod-s01-064-apac-southeastasia", "migrationStage":"NotStarted", "server":"akswtt11100001j"}}
{"logTime": "0318/023214", "correlationVector":"z/mszKdH4MKH+h9bwtcSAR.2","action":"ProcessGetUpdates", "result":"Done", "context":{"dataType":"Passwords", "deleted":"0", "process_failed_to_decrypt":"0", "process_pending_decryption":"0", "process_success":"1", "total":"1"}}
{"logTime": "0318/023214", "correlationVector":"z/mszKdH4MKH+h9bwtcSAR.3","action":"ProcessGetUpdates", "result":"Done", "context":{"dataType":"Sessions", "deleted":"0", "process_failed_to_decrypt":"0", "process_pending_decryption":"0", "process_success":"4", "total":"4"}}
{"logTime": "0318/023214", "correlationVector":"z/mszKdH4MKH+h9bwtcSAR.4","action":"ProcessGetUpdates", "result":"Done", "context":{"dataType":"Device Info", "deleted":"0", "process_failed_to_decrypt":"0", "process_pending_decryption":"0", "process_success":"1", "total":"1"}}
{"logTime": "0318/023214", "correlationVector":"z/mszKdH4MKH+h9bwtcSAR.5","action":"ProcessGetUpdates", "result":"Done", "context":{"dataType":"History", "deleted":"0", "process_failed_to_decrypt":"0", "process_pending_decryption":"0", "process_success":"3", "total":"3"}}
{"logTime": "0318/023214", "correlationVector":"z/mszKdH4MKH+h9bwtcSAR.6","action":"GetUpdates Response", "result":"Success", "context":Received 9 update(s). cV=z/mszKdH4MKH+h9bwtcSAR.0;server=akswtt11100001j;cloudType=Consumer;environment=Prod_southeastasia_prod-s01-064-apac-southeastasia;migrationStage=NotStarted}
{"logTime": "0318/023214", "correlationVector":"7eM7DQgnqWgxaUDOaz3i6p","action":"DoCompareDataConsistency requsted types: ", "result":"Bookmarks, Preferences, Passwords, Extensions, Extension settings, History Delete Directives, Send Tab To Self, Web Apps, History, Saved Tab Group, WebAuthn Credentials, Collection, Edge E Drop, Edge Wallet, Edge Workspace, Encryption Keys"}
{"logTime": "0318/023214", "correlationVector":"7eM7DQgnqWgxaUDOaz3i6p.0","action":"CompareDataConsistency result: ", "result":"Compare result: Encryption Keys is consistent. local entities count is: 1 local entities hash is: 8SlT+reW4r+4mZT60hx2UhDGKAs="}
{"logTime": "0318/023214", "correlationVector":"7eM7DQgnqWgxaUDOaz3i6p.1","action":"CompareDataConsistency result: ", "result":"Compare result: Bookmarks is consistent. local entities count is: 0 local entities hash is: "}
{"logTime": "0318/023214", "correlationVector":"7eM7DQgnqWgxaUDOaz3i6p.2","action":"CompareDataConsistency result: ", "result":"Compare result: Preferences is consistent. local entities count is: 60 local entities hash is: xVtrhT08vnY350qGfZVwT4NjuvY="}
{"logTime": "0318/023214", "correlationVector":"7eM7DQgnqWgxaUDOaz3i6p.3","action":"CompareDataConsistency result: ", "result":"Compare result: Extensions is consistent. local entities count is: 0 local entities hash is: "}
{"logTime": "0318/023214", "correlationVector":"7eM7DQgnqWgxaUDOaz3i6p.4","action":"CompareDataConsistency result: ", "result":"Compare result: Extension settings is consistent. local entities count is: 0 local entities hash is: "}
{"logTime": "0318/023214", "correlationVector":"7eM7DQgnqWgxaUDOaz3i6p.5","action":"CompareDataConsistency result: ", "result":"Compare result: History Delete Directives is consistent. local entities count is: 0 local entities hash is: "}
{"logTime": "0318/023214", "correlationVector":"7eM7DQgnqWgxaUDOaz3i6p.6","action":"CompareDataConsistency result: ", "result":"Server did not send this Send Tab To Self local entities count is: 0 local entities hash is: "}
{"logTime": "0318/023214", "correlationVector":"7eM7DQgnqWgxaUDOaz3i6p.7","action":"CompareDataConsistency result: ", "result":"Compare result: Web Apps is consistent. local entities count is: 0 local entities hash is: "}
{"logTime": "0318/023214", "correlationVector":"7eM7DQgnqWgxaUDOaz3i6p.8","action":"CompareDataConsistency result: ", "result":"Server did not send this History local entities count is: 0 local entities hash is: "}
{"logTime": "0318/023214", "correlationVector":"7eM7DQgnqWgxaUDOaz3i6p.9","action":"CompareDataConsistency result: ", "result":"Compare result: Saved Tab Group is consistent. local entities count is: 0 local entities hash is: "}
{"logTime": "0318/023214", "correlationVector":"7eM7DQgnqWgxaUDOaz3i6p.10","action":"CompareDataConsistency result: ", "result":"Server did not send this WebAuthn Credentials local entities count is: 0 local entities hash is: "}
{"logTime": "0318/023214", "correlationVector":"7eM7DQgnqWgxaUDOaz3i6p.11","action":"CompareDataConsistency result: ", "result":"Compare result: Collection is consistent. local entities count is: 0 local entities hash is: "}
{"logTime": "0318/023214", "correlationVector":"7eM7DQgnqWgxaUDOaz3i6p.12","action":"CompareDataConsistency result: ", "result":"Compare result: Edge E Drop is consistent. local entities count is: 0 local entities hash is: "}
{"logTime": "0318/023214", "correlationVector":"7eM7DQgnqWgxaUDOaz3i6p.13","action":"CompareDataConsistency result: ", "result":"Compare result: Edge Wallet is consistent. local entities count is: 0 local entities hash is: "}
{"logTime": "0318/023214", "correlationVector":"7eM7DQgnqWgxaUDOaz3i6p.14","action":"CompareDataConsistency result: ", "result":"Server did not send this Edge Workspace local entities count is: 0 local entities hash is: "}
{"logTime": "0318/023214", "correlationVector":"7eM7DQgnqWgxaUDOaz3i6p.15","action":"CompareDataConsistency result: ", "result":"Compare result: Passwords is consistent. local entities count is: 13 local entities hash is: 01yucSA/g1qbNJ1PagCgBP3GQcc="}
{"logTime": "0318/023215", "correlationVector":"","action":"DIAGNOSTIC_REQUEST|v1/diagnosticData/Diagnostic.SendCheckResult()|ERROR FAILED", "result":""}
{"logTime": "0318/023217", "correlationVector":"","action":"DIAGNOSTIC_REQUEST|v1/diagnosticData/Diagnostic.SendCheckResult()|ERROR FAILED", "result":""}
{"logTime": "0318/023223", "correlationVector":"","action":"DIAGNOSTIC_REQUEST|v1/diagnosticData/Diagnostic.SendCheckResult()|ERROR FAILED", "result":""}
{"logTime": "0318/023239", "correlationVector":"","action":"DIAGNOSTIC_REQUEST|v1/diagnosticData/Diagnostic.SendCheckResult()|SUCCESS", "result":""}
{"logTime": "0318/023303", "correlationVector":"AtlwFK5MPlaxgEzhnwdT4x","action":"Normal GetUpdate request", "result":"", "context":cV=AtlwFK5MPlaxgEzhnwdT4x
Nudged types: Sessions, History
Notified types: Device Info}
{"logTime": "0318/023303", "correlationVector":"AtlwFK5MPlaxgEzhnwdT4x.1","action":"SyncServerConnectionManagerRequest", "result":"SYNC_SERVER_OK", "context":{"environment":"Prod_southeastasia_prod-s01-064-apac-southeastasia", "migrationStage":"NotStarted", "server":"akswtt111000005"}}
{"logTime": "0318/023303", "correlationVector":"AtlwFK5MPlaxgEzhnwdT4x.2","action":"ProcessGetUpdates", "result":"Done", "context":{"dataType":"Device Info", "deleted":"0", "process_failed_to_decrypt":"0", "process_pending_decryption":"0", "process_success":"1", "total":"1"}}
{"logTime": "0318/023303", "correlationVector":"AtlwFK5MPlaxgEzhnwdT4x.3","action":"GetUpdates Response", "result":"Success", "context":Received 1 update(s). cV=AtlwFK5MPlaxgEzhnwdT4x.0;server=akswtt111000005;cloudType=Consumer;environment=Prod_southeastasia_prod-s01-064-apac-southeastasia;migrationStage=NotStarted}
{"logTime": "0318/023303", "correlationVector":"DAENIbM4KAaSO/tHN5BcTz","action":"Commit Request", "result":"", "context":Item count: 2
Contributing types: Sessions, History}
{"logTime": "0318/023304", "correlationVector":"DAENIbM4KAaSO/tHN5BcTz.1","action":"SyncServerConnectionManagerRequest", "result":"SYNC_SERVER_OK", "context":{"environment":"Prod_southeastasia_prod-s01-064-apac-southeastasia", "migrationStage":"NotStarted", "server":"akswtt11100001j"}}
{"logTime": "0318/023304", "correlationVector":"DAENIbM4KAaSO/tHN5BcTz.2","action":"Commit Response", "result":"Success", "context":Result: Success. cV=DAENIbM4KAaSO/tHN5BcTz.0;server=akswtt11100001j;cloudType=Consumer;environment=Prod_southeastasia_prod-s01-064-apac-southeastasia;migrationStage=NotStarted}
{"logTime": "0318/023306", "correlationVector":"wahe4jWbUouzWNyOUx5n+1","action":"Normal GetUpdate request", "result":"", "context":cV=wahe4jWbUouzWNyOUx5n+1
Nudged types: Sessions, History
Notified types: Preferences}
{"logTime": "0318/023307", "correlationVector":"wahe4jWbUouzWNyOUx5n+1.1","action":"SyncServerConnectionManagerRequest", "result":"SYNC_SERVER_OK", "context":{"environment":"Prod_southeastasia_prod-s01-064-apac-southeastasia", "migrationStage":"NotStarted", "server":"akswtt111000026"}}
{"logTime": "0318/023307", "correlationVector":"wahe4jWbUouzWNyOUx5n+1.2","action":"ProcessGetUpdates", "result":"Done", "context":{"dataType":"Preferences", "deleted":"0", "process_failed_to_decrypt":"0", "process_pending_decryption":"0", "process_success":"1", "total":"1"}}
{"logTime": "0318/023307", "correlationVector":"wahe4jWbUouzWNyOUx5n+1.3","action":"ProcessGetUpdates", "result":"Done", "context":{"dataType":"Sessions", "deleted":"0", "process_failed_to_decrypt":"0", "process_pending_decryption":"0", "process_success":"1", "total":"1"}}
{"logTime": "0318/023307", "correlationVector":"wahe4jWbUouzWNyOUx5n+1.4","action":"ProcessGetUpdates", "result":"Done", "context":{"dataType":"History", "deleted":"0", "process_failed_to_decrypt":"0", "process_pending_decryption":"0", "process_success":"1", "total":"1"}}
{"logTime": "0318/023307", "correlationVector":"wahe4jWbUouzWNyOUx5n+1.5","action":"GetUpdates Response", "result":"Success", "context":Received 3 update(s). cV=wahe4jWbUouzWNyOUx5n+1.0;server=akswtt111000026;cloudType=Consumer;environment=Prod_southeastasia_prod-s01-064-apac-southeastasia;migrationStage=NotStarted}
{"logTime": "0318/023312", "correlationVector":"B4t+u1ZzypEiqCcuWuu6sS","action":"Normal GetUpdate request", "result":"", "context":cV=B4t+u1ZzypEiqCcuWuu6sS
Notified types: Device Info}
{"logTime": "0318/023313", "correlationVector":"B4t+u1ZzypEiqCcuWuu6sS.1","action":"SyncServerConnectionManagerRequest", "result":"SYNC_SERVER_OK", "context":{"environment":"Prod_southeastasia_prod-s01-064-apac-southeastasia", "migrationStage":"NotStarted", "server":"akswtt11100000a"}}
{"logTime": "0318/023313", "correlationVector":"B4t+u1ZzypEiqCcuWuu6sS.2","action":"ProcessGetUpdates", "result":"Done", "context":{"dataType":"Device Info", "deleted":"0", "process_failed_to_decrypt":"0", "process_pending_decryption":"0", "process_success":"1", "total":"1"}}
{"logTime": "0318/023313", "correlationVector":"B4t+u1ZzypEiqCcuWuu6sS.3","action":"GetUpdates Response", "result":"Success", "context":Received 1 update(s). cV=B4t+u1ZzypEiqCcuWuu6sS.0;server=akswtt11100000a;cloudType=Consumer;environment=Prod_southeastasia_prod-s01-064-apac-southeastasia;migrationStage=NotStarted}
{"logTime": "0318/023315", "correlationVector":"rC8tjkqHV1OH4uX7yvJMHG","action":"Normal GetUpdate request", "result":"", "context":cV=rC8tjkqHV1OH4uX7yvJMHG
Notified types: Preferences}
{"logTime": "0318/023315", "correlationVector":"rC8tjkqHV1OH4uX7yvJMHG.1","action":"SyncServerConnectionManagerRequest", "result":"SYNC_SERVER_OK", "context":{"environment":"Prod_southeastasia_prod-s01-064-apac-southeastasia", "migrationStage":"NotStarted", "server":"akswtt11100001u"}}
{"logTime": "0318/023315", "correlationVector":"rC8tjkqHV1OH4uX7yvJMHG.2","action":"ProcessGetUpdates", "result":"Done", "context":{"dataType":"Preferences", "deleted":"0", "process_failed_to_decrypt":"0", "process_pending_decryption":"0", "process_success":"1", "total":"1"}}
{"logTime": "0318/023315", "correlationVector":"rC8tjkqHV1OH4uX7yvJMHG.3","action":"GetUpdates Response", "result":"Success", "context":Received 1 update(s). cV=rC8tjkqHV1OH4uX7yvJMHG.0;server=akswtt11100001u;cloudType=Consumer;environment=Prod_southeastasia_prod-s01-064-apac-southeastasia;migrationStage=NotStarted}
{"logTime": "0318/023333", "correlationVector":"qKeVQQ2DaN1qYvJWO0KLsh","action":"Normal GetUpdate request", "result":"", "context":cV=qKeVQQ2DaN1qYvJWO0KLsh
Notified types: Device Info}
{"logTime": "0318/023333", "correlationVector":"qKeVQQ2DaN1qYvJWO0KLsh.1","action":"SyncServerConnectionManagerRequest", "result":"SYNC_SERVER_OK", "context":{"environment":"Prod_southeastasia_prod-s01-064-apac-southeastasia", "migrationStage":"NotStarted", "server":"akswtt11100001s"}}
{"logTime": "0318/023333", "correlationVector":"qKeVQQ2DaN1qYvJWO0KLsh.2","action":"ProcessGetUpdates", "result":"Done", "context":{"dataType":"Device Info", "deleted":"0", "process_failed_to_decrypt":"0", "process_pending_decryption":"0", "process_success":"1", "total":"1"}}
{"logTime": "0318/023333", "correlationVector":"qKeVQQ2DaN1qYvJWO0KLsh.3","action":"GetUpdates Response", "result":"Success", "context":Received 1 update(s). cV=qKeVQQ2DaN1qYvJWO0KLsh.0;server=akswtt11100001s;cloudType=Consumer;environment=Prod_southeastasia_prod-s01-064-apac-southeastasia;migrationStage=NotStarted}
{"logTime": "0318/023335", "correlationVector":"qXuq3O3qOOGl4vAXwj0sgZ","action":"Normal GetUpdate request", "result":"", "context":cV=qXuq3O3qOOGl4vAXwj0sgZ
Notified types: Preferences}
{"logTime": "0318/023336", "correlationVector":"qXuq3O3qOOGl4vAXwj0sgZ.1","action":"SyncServerConnectionManagerRequest", "result":"SYNC_SERVER_OK", "context":{"environment":"Prod_southeastasia_prod-s01-064-apac-southeastasia", "migrationStage":"NotStarted", "server":"akswtt111000004"}}
{"logTime": "0318/023336", "correlationVector":"qXuq3O3qOOGl4vAXwj0sgZ.2","action":"ProcessGetUpdates", "result":"Done", "context":{"dataType":"Preferences", "deleted":"0", "process_failed_to_decrypt":"0", "process_pending_decryption":"0", "process_success":"1", "total":"1"}}
{"logTime": "0318/023336", "correlationVector":"qXuq3O3qOOGl4vAXwj0sgZ.3","action":"GetUpdates Response", "result":"Success", "context":Received 1 update(s). cV=qXuq3O3qOOGl4vAXwj0sgZ.0;server=akswtt111000004;cloudType=Consumer;environment=Prod_southeastasia_prod-s01-064-apac-southeastasia;migrationStage=NotStarted}
{"logTime": "0318/023444", "correlationVector":"ut1PYEGjvJ07hTsrm978PK","action":"Normal GetUpdate request", "result":"", "context":cV=ut1PYEGjvJ07hTsrm978PK
Nudged types: Sessions
Notified types: History}
{"logTime": "0318/023445", "correlationVector":"ut1PYEGjvJ07hTsrm978PK.1","action":"SyncServerConnectionManagerRequest", "result":"SYNC_SERVER_OK", "context":{"environment":"Prod_southeastasia_prod-s01-064-apac-southeastasia", "migrationStage":"NotStarted", "server":"akswtt111000003"}}
{"logTime": "0318/023445", "correlationVector":"ut1PYEGjvJ07hTsrm978PK.2","action":"ProcessGetUpdates", "result":"Done", "context":{"dataType":"Sessions", "deleted":"0", "process_failed_to_decrypt":"0", "process_pending_decryption":"0", "process_success":"3", "total":"3"}}
{"logTime": "0318/023445", "correlationVector":"ut1PYEGjvJ07hTsrm978PK.3","action":"ProcessGetUpdates", "result":"Done", "context":{"dataType":"History", "deleted":"0", "process_failed_to_decrypt":"0", "process_pending_decryption":"0", "process_success":"1", "total":"1"}}
{"logTime": "0318/023445", "correlationVector":"ut1PYEGjvJ07hTsrm978PK.4","action":"GetUpdates Response", "result":"Success", "context":Received 4 update(s). cV=ut1PYEGjvJ07hTsrm978PK.0;server=akswtt111000003;cloudType=Consumer;environment=Prod_southeastasia_prod-s01-064-apac-southeastasia;migrationStage=NotStarted}
{"logTime": "0318/023445", "correlationVector":"O+0ESsm87moMbtdxSFMizb","action":"Commit Request", "result":"", "context":Item count: 1
Contributing types: Sessions}
{"logTime": "0318/023445", "correlationVector":"O+0ESsm87moMbtdxSFMizb.1","action":"SyncServerConnectionManagerRequest", "result":"SYNC_SERVER_OK", "context":{"environment":"Prod_southeastasia_prod-s01-064-apac-southeastasia", "migrationStage":"NotStarted", "server":"akswtt11100001d"}}
{"logTime": "0318/023445", "correlationVector":"O+0ESsm87moMbtdxSFMizb.2","action":"Commit Response", "result":"Success", "context":Result: Success. cV=O+0ESsm87moMbtdxSFMizb.0;server=akswtt11100001d;cloudType=Consumer;environment=Prod_southeastasia_prod-s01-064-apac-southeastasia;migrationStage=NotStarted}
{"logTime": "0318/024036", "correlationVector":"ABmSXGcNlC/Yy0/PbrmNwr","action":"Normal GetUpdate request", "result":"", "context":cV=ABmSXGcNlC/Yy0/PbrmNwr
Notified types: Device Info}
{"logTime": "0318/024104", "correlationVector":"ABmSXGcNlC/Yy0/PbrmNwr.1","action":"SyncServerConnectionManagerRequest", "result":"SYNC_SERVER_OK", "context":{"environment":"Prod_southeastasia_prod-s01-065-apac-southeastasia", "migrationStage":"NotStarted", "server":"akswtt11100002k"}}
{"logTime": "0318/024104", "correlationVector":"ABmSXGcNlC/Yy0/PbrmNwr.2","action":"ProcessGetUpdates", "result":"Done", "context":{"dataType":"Preferences", "deleted":"0", "process_failed_to_decrypt":"0", "process_pending_decryption":"0", "process_success":"1", "total":"1"}}
{"logTime": "0318/024104", "correlationVector":"ABmSXGcNlC/Yy0/PbrmNwr.3","action":"ProcessGetUpdates", "result":"Done", "context":{"dataType":"Sessions", "deleted":"1", "process_failed_to_decrypt":"0", "process_pending_decryption":"0", "process_success":"2", "total":"2"}}
{"logTime": "0318/024104", "correlationVector":"ABmSXGcNlC/Yy0/PbrmNwr.4","action":"ProcessGetUpdates", "result":"Done", "context":{"dataType":"Device Info", "deleted":"0", "process_failed_to_decrypt":"0", "process_pending_decryption":"0", "process_success":"1", "total":"1"}}
{"logTime": "0318/024104", "correlationVector":"ABmSXGcNlC/Yy0/PbrmNwr.5","action":"GetUpdates Response", "result":"Success", "context":Received 4 update(s). cV=ABmSXGcNlC/Yy0/PbrmNwr.0;server=akswtt11100002k;cloudType=Consumer;environment=Prod_southeastasia_prod-s01-065-apac-southeastasia;migrationStage=NotStarted}
{"logTime": "0318/024104", "correlationVector":"JHqvNizqB+Yf8rm1iWEGhr","action":"Normal GetUpdate request", "result":"", "context":cV=JHqvNizqB+Yf8rm1iWEGhr
Notified types: Preferences, Device Info}
{"logTime": "0318/024107", "correlationVector":"JHqvNizqB+Yf8rm1iWEGhr.1","action":"SyncServerConnectionManagerRequest", "result":"SYNC_SERVER_OK", "context":{"environment":"Prod_southeastasia_prod-s01-065-apac-southeastasia", "migrationStage":"NotStarted", "server":"akswtt111000019"}}
{"logTime": "0318/024107", "correlationVector":"JHqvNizqB+Yf8rm1iWEGhr.2","action":"GetUpdates Response", "result":"Success", "context":Received 0 update(s). cV=JHqvNizqB+Yf8rm1iWEGhr.0;server=akswtt111000019;cloudType=Consumer;environment=Prod_southeastasia_prod-s01-065-apac-southeastasia;migrationStage=NotStarted}
{"logTime": "0318/024109", "correlationVector":"qSF9WIILZ0bzTkO25Gf0x+","action":"Normal GetUpdate request", "result":"", "context":cV=qSF9WIILZ0bzTkO25Gf0x+
Notified types: Preferences, History}
{"logTime": "0318/024112", "correlationVector":"qSF9WIILZ0bzTkO25Gf0x+.1","action":"SyncServerConnectionManagerRequest", "result":"SYNC_SERVER_OK", "context":{"environment":"Prod_southeastasia_prod-s01-064-apac-southeastasia", "migrationStage":"NotStarted", "server":"akswtt111000007"}}
{"logTime": "0318/024112", "correlationVector":"qSF9WIILZ0bzTkO25Gf0x+.2","action":"ProcessGetUpdates", "result":"Done", "context":{"dataType":"Preferences", "deleted":"0", "process_failed_to_decrypt":"0", "process_pending_decryption":"0", "process_success":"1", "total":"1"}}
{"logTime": "0318/024112", "correlationVector":"qSF9WIILZ0bzTkO25Gf0x+.3","action":"ProcessGetUpdates", "result":"Done", "context":{"dataType":"Sessions", "deleted":"0", "process_failed_to_decrypt":"0", "process_pending_decryption":"0", "process_success":"2", "total":"2"}}
{"logTime": "0318/024112", "correlationVector":"qSF9WIILZ0bzTkO25Gf0x+.4","action":"ProcessGetUpdates", "result":"Done", "context":{"dataType":"History", "deleted":"0", "process_failed_to_decrypt":"0", "process_pending_decryption":"0", "process_success":"1", "total":"1"}}
{"logTime": "0318/024112", "correlationVector":"qSF9WIILZ0bzTkO25Gf0x+.5","action":"GetUpdates Response", "result":"Success", "context":Received 4 update(s). cV=qSF9WIILZ0bzTkO25Gf0x+.0;server=akswtt111000007;cloudType=Consumer;environment=Prod_southeastasia_prod-s01-064-apac-southeastasia;migrationStage=NotStarted}
{"logTime": "0318/024213", "correlationVector":"72NWD4NfeHxeTIYiSBCZyg","action":"Normal GetUpdate request", "result":"", "context":cV=72NWD4NfeHxeTIYiSBCZyg
Notified types: History}
{"logTime": "0318/024217", "correlationVector":"72NWD4NfeHxeTIYiSBCZyg.1","action":"SyncServerConnectionManagerRequest", "result":"SYNC_SERVER_OK", "context":{"environment":"Prod_southeastasia_prod-s01-064-apac-southeastasia", "migrationStage":"NotStarted", "server":"akswtt11100001d"}}
{"logTime": "0318/024217", "correlationVector":"72NWD4NfeHxeTIYiSBCZyg.2","action":"ProcessGetUpdates", "result":"Done", "context":{"dataType":"Sessions", "deleted":"0", "process_failed_to_decrypt":"0", "process_pending_decryption":"0", "process_success":"4", "total":"4"}}
{"logTime": "0318/024217", "correlationVector":"72NWD4NfeHxeTIYiSBCZyg.3","action":"ProcessGetUpdates", "result":"Done", "context":{"dataType":"History", "deleted":"0", "process_failed_to_decrypt":"0", "process_pending_decryption":"0", "process_success":"7", "total":"7"}}
{"logTime": "0318/024217", "correlationVector":"72NWD4NfeHxeTIYiSBCZyg.4","action":"GetUpdates Response", "result":"Success", "context":Received 11 update(s). cV=72NWD4NfeHxeTIYiSBCZyg.0;server=akswtt11100001d;cloudType=Consumer;environment=Prod_southeastasia_prod-s01-064-apac-southeastasia;migrationStage=NotStarted}
{"logTime": "0318/024350", "correlationVector":"Uwq0asCeMuAmpCubaItsqB","action":"Normal GetUpdate request", "result":"", "context":cV=Uwq0asCeMuAmpCubaItsqB
Nudged types: Sessions
Notified types: History}
{"logTime": "0318/024350", "correlationVector":"Uwq0asCeMuAmpCubaItsqB.1","action":"SyncServerConnectionManagerRequest", "result":"SYNC_SERVER_OK", "context":{"environment":"Prod_southeastasia_prod-s01-064-apac-southeastasia", "migrationStage":"NotStarted", "server":"akswtt111000007"}}
{"logTime": "0318/024350", "correlationVector":"Uwq0asCeMuAmpCubaItsqB.2","action":"ProcessGetUpdates", "result":"Done", "context":{"dataType":"Sessions", "deleted":"3", "process_failed_to_decrypt":"0", "process_pending_decryption":"0", "process_success":"5", "total":"5"}}
{"logTime": "0318/024350", "correlationVector":"Uwq0asCeMuAmpCubaItsqB.3","action":"ProcessGetUpdates", "result":"Done", "context":{"dataType":"History", "deleted":"0", "process_failed_to_decrypt":"0", "process_pending_decryption":"0", "process_success":"1", "total":"1"}}
{"logTime": "0318/024350", "correlationVector":"Uwq0asCeMuAmpCubaItsqB.4","action":"GetUpdates Response", "result":"Success", "context":Received 6 update(s). cV=Uwq0asCeMuAmpCubaItsqB.0;server=akswtt111000007;cloudType=Consumer;environment=Prod_southeastasia_prod-s01-064-apac-southeastasia;migrationStage=NotStarted}
{"logTime": "0318/024350", "correlationVector":"5NfwlRXqSXrVne4wjDKNpb","action":"Commit Request", "result":"", "context":Item count: 1
Contributing types: Sessions}
{"logTime": "0318/024351", "correlationVector":"5NfwlRXqSXrVne4wjDKNpb.1","action":"SyncServerConnectionManagerRequest", "result":"SYNC_SERVER_OK", "context":{"environment":"Prod_southeastasia_prod-s01-064-apac-southeastasia", "migrationStage":"NotStarted", "server":"akswtt11100001u"}}
{"logTime": "0318/024351", "correlationVector":"5NfwlRXqSXrVne4wjDKNpb.2","action":"Commit Response", "result":"Success", "context":Result: Success. cV=5NfwlRXqSXrVne4wjDKNpb.0;server=akswtt11100001u;cloudType=Consumer;environment=Prod_southeastasia_prod-s01-064-apac-southeastasia;migrationStage=NotStarted}
{"logTime": "0318/024411", "correlationVector":"9w1RMFLf5p9ytd87Ud//pe","action":"Normal GetUpdate request", "result":"", "context":cV=9w1RMFLf5p9ytd87Ud//pe
Nudged types: Sessions
Notified types: Device Info}
{"logTime": "0318/024412", "correlationVector":"9w1RMFLf5p9ytd87Ud//pe.1","action":"SyncServerConnectionManagerRequest", "result":"SYNC_SERVER_OK", "context":{"environment":"Prod_southeastasia_prod-s01-064-apac-southeastasia", "migrationStage":"NotStarted", "server":"akswtt11100001b"}}
{"logTime": "0318/024412", "correlationVector":"9w1RMFLf5p9ytd87Ud//pe.2","action":"ProcessGetUpdates", "result":"Done", "context":{"dataType":"Sessions", "deleted":"0", "process_failed_to_decrypt":"0", "process_pending_decryption":"0", "process_success":"1", "total":"1"}}
{"logTime": "0318/024412", "correlationVector":"9w1RMFLf5p9ytd87Ud//pe.3","action":"ProcessGetUpdates", "result":"Done", "context":{"dataType":"Device Info", "deleted":"0", "process_failed_to_decrypt":"0", "process_pending_decryption":"0", "process_success":"1", "total":"1"}}
{"logTime": "0318/024412", "correlationVector":"9w1RMFLf5p9ytd87Ud//pe.4","action":"GetUpdates Response", "result":"Success", "context":Received 2 update(s). cV=9w1RMFLf5p9ytd87Ud//pe.0;server=akswtt11100001b;cloudType=Consumer;environment=Prod_southeastasia_prod-s01-064-apac-southeastasia;migrationStage=NotStarted}
{"logTime": "0318/024415", "correlationVector":"eraPI6xRdcdYpy5QBhOVjz","action":"Normal GetUpdate request", "result":"", "context":cV=eraPI6xRdcdYpy5QBhOVjz
Notified types: Preferences}
{"logTime": "0318/024417", "correlationVector":"eraPI6xRdcdYpy5QBhOVjz.1","action":"SyncServerConnectionManagerRequest", "result":"SYNC_SERVER_OK", "context":{"environment":"Prod_southeastasia_prod-s01-064-apac-southeastasia", "migrationStage":"NotStarted", "server":"akswtt11100001i"}}
{"logTime": "0318/024417", "correlationVector":"eraPI6xRdcdYpy5QBhOVjz.2","action":"ProcessGetUpdates", "result":"Done", "context":{"dataType":"Preferences", "deleted":"0", "process_failed_to_decrypt":"0", "process_pending_decryption":"0", "process_success":"1", "total":"1"}}
{"logTime": "0318/024417", "correlationVector":"eraPI6xRdcdYpy5QBhOVjz.3","action":"GetUpdates Response", "result":"Success", "context":Received 1 update(s). cV=eraPI6xRdcdYpy5QBhOVjz.0;server=akswtt11100001i;cloudType=Consumer;environment=Prod_southeastasia_prod-s01-064-apac-southeastasia;migrationStage=NotStarted}
